<?xml version="1.0" encoding="UTF-8"?>
<!-- Generated by org.testng.reporters.JUnitXMLReporter -->
<testsuite hostname="DESKTOP-S73KMUS" ignored="0" name="Default test" tests="6" failures="0" timestamp="01 Feb 2021 15:53:24 GMT" time="7.408" errors="0">
  <testcase name="editPageTest1" time="3.054" classname="tests.EditTest"/>
  <testcase name="editPageTest2" time="1.211" classname="tests.EditTest"/>
  <testcase name="editPageTest3" time="0.985" classname="tests.EditTest"/>
  <testcase name="editPageTest4" time="0.862" classname="tests.EditTest"/>
  <testcase name="editPageTest5" time="1.233" classname="tests.EditTest"/>
  <testcase name="editPageTest6" time="0.019" classname="tests.EditTest"/>
</testsuite> <!-- Default test -->
